{"C:\\Deepthi\\Deeps\\MS\\SDP\\uhcs\\nguyeners\\code\\server\\models\\OperationRoom.js":{"path":"C:\\Deepthi\\Deeps\\MS\\SDP\\uhcs\\nguyeners\\code\\server\\models\\OperationRoom.js","s":{"1":1,"2":1,"3":1,"4":1},"b":{},"f":{},"fnMap":{},"statementMap":{"1":{"start":{"line":1,"column":0},"end":{"line":1,"column":35}},"2":{"start":{"line":3,"column":0},"end":{"line":12,"column":2}},"3":{"start":{"line":14,"column":0},"end":{"line":14,"column":91}},"4":{"start":{"line":16,"column":0},"end":{"line":16,"column":31}}},"branchMap":{}},"C:\\Deepthi\\Deeps\\MS\\SDP\\uhcs\\nguyeners\\code\\server\\routes\\operationrooms.js":{"path":"C:\\Deepthi\\Deeps\\MS\\SDP\\uhcs\\nguyeners\\code\\server\\routes\\operationrooms.js","s":{"1":1,"2":6,"3":6,"4":6,"5":1,"6":1,"7":6,"8":0,"9":0,"10":0,"11":0,"12":6,"13":6,"14":1,"15":6,"16":1,"17":1,"18":1,"19":1,"20":1},"b":{},"f":{"1":6,"2":1,"3":1,"4":0,"5":0,"6":1,"7":1,"8":1},"fnMap":{"1":{"name":"(anonymous_1)","line":1,"loc":{"start":{"line":1,"column":17},"end":{"line":1,"column":31}}},"2":{"name":"(anonymous_2)","line":6,"loc":{"start":{"line":6,"column":15},"end":{"line":6,"column":33}}},"3":{"name":"(anonymous_3)","line":7,"loc":{"start":{"line":7,"column":27},"end":{"line":7,"column":47}}},"4":{"name":"(anonymous_4)","line":12,"loc":{"start":{"line":12,"column":16},"end":{"line":12,"column":33}}},"5":{"name":"(anonymous_5)","line":15,"loc":{"start":{"line":15,"column":28},"end":{"line":15,"column":47}}},"6":{"name":"(anonymous_6)","line":21,"loc":{"start":{"line":21,"column":22},"end":{"line":21,"column":39}}},"7":{"name":"(anonymous_7)","line":27,"loc":{"start":{"line":27,"column":21},"end":{"line":27,"column":39}}},"8":{"name":"(anonymous_8)","line":30,"loc":{"start":{"line":30,"column":15},"end":{"line":30,"column":34}}}},"statementMap":{"1":{"start":{"line":1,"column":0},"end":{"line":38,"column":1}},"2":{"start":{"line":3,"column":4},"end":{"line":3,"column":64}},"3":{"start":{"line":5,"column":4},"end":{"line":5,"column":49}},"4":{"start":{"line":6,"column":4},"end":{"line":10,"column":7}},"5":{"start":{"line":7,"column":8},"end":{"line":9,"column":10}},"6":{"start":{"line":8,"column":12},"end":{"line":8,"column":25}},"7":{"start":{"line":12,"column":4},"end":{"line":18,"column":7}},"8":{"start":{"line":13,"column":8},"end":{"line":13,"column":37}},"9":{"start":{"line":14,"column":8},"end":{"line":14,"column":62}},"10":{"start":{"line":15,"column":8},"end":{"line":17,"column":10}},"11":{"start":{"line":16,"column":12},"end":{"line":16,"column":35}},"12":{"start":{"line":20,"column":4},"end":{"line":20,"column":53}},"13":{"start":{"line":21,"column":8},"end":{"line":25,"column":11}},"14":{"start":{"line":22,"column":12},"end":{"line":24,"column":24}},"15":{"start":{"line":27,"column":8},"end":{"line":37,"column":11}},"16":{"start":{"line":28,"column":12},"end":{"line":36,"column":14}},"17":{"start":{"line":31,"column":16},"end":{"line":33,"column":17}},"18":{"start":{"line":32,"column":20},"end":{"line":32,"column":44}},"19":{"start":{"line":34,"column":16},"end":{"line":34,"column":27}},"20":{"start":{"line":35,"column":16},"end":{"line":35,"column":39}}},"branchMap":{}},"C:\\Deepthi\\Deeps\\MS\\SDP\\uhcs\\nguyeners\\code\\server\\models\\Operation.js":{"path":"C:\\Deepthi\\Deeps\\MS\\SDP\\uhcs\\nguyeners\\code\\server\\models\\Operation.js","s":{"1":1,"2":1,"3":1,"4":1},"b":{},"f":{},"fnMap":{},"statementMap":{"1":{"start":{"line":1,"column":0},"end":{"line":1,"column":35}},"2":{"start":{"line":3,"column":0},"end":{"line":16,"column":2}},"3":{"start":{"line":18,"column":0},"end":{"line":18,"column":75}},"4":{"start":{"line":20,"column":0},"end":{"line":20,"column":27}}},"branchMap":{}},"C:\\Deepthi\\Deeps\\MS\\SDP\\uhcs\\nguyeners\\code\\server\\routes\\operations.js":{"path":"C:\\Deepthi\\Deeps\\MS\\SDP\\uhcs\\nguyeners\\code\\server\\routes\\operations.js","s":{"1":1,"2":5,"3":5,"4":5,"5":1,"6":1,"7":5,"8":0,"9":0,"10":0,"11":0,"12":5,"13":5,"14":1,"15":5,"16":1,"17":1,"18":1,"19":1,"20":1},"b":{},"f":{"1":5,"2":1,"3":1,"4":0,"5":0,"6":1,"7":1,"8":1},"fnMap":{"1":{"name":"(anonymous_1)","line":1,"loc":{"start":{"line":1,"column":17},"end":{"line":1,"column":31}}},"2":{"name":"(anonymous_2)","line":6,"loc":{"start":{"line":6,"column":19},"end":{"line":6,"column":37}}},"3":{"name":"(anonymous_3)","line":7,"loc":{"start":{"line":7,"column":31},"end":{"line":7,"column":51}}},"4":{"name":"(anonymous_4)","line":12,"loc":{"start":{"line":12,"column":20},"end":{"line":12,"column":37}}},"5":{"name":"(anonymous_5)","line":15,"loc":{"start":{"line":15,"column":32},"end":{"line":15,"column":51}}},"6":{"name":"(anonymous_6)","line":21,"loc":{"start":{"line":21,"column":22},"end":{"line":21,"column":39}}},"7":{"name":"(anonymous_7)","line":26,"loc":{"start":{"line":26,"column":21},"end":{"line":26,"column":39}}},"8":{"name":"(anonymous_8)","line":29,"loc":{"start":{"line":29,"column":23},"end":{"line":29,"column":42}}}},"statementMap":{"1":{"start":{"line":1,"column":0},"end":{"line":38,"column":1}},"2":{"start":{"line":3,"column":4},"end":{"line":3,"column":56}},"3":{"start":{"line":5,"column":4},"end":{"line":5,"column":45}},"4":{"start":{"line":6,"column":8},"end":{"line":11,"column":15}},"5":{"start":{"line":7,"column":16},"end":{"line":9,"column":18}},"6":{"start":{"line":8,"column":20},"end":{"line":8,"column":33}},"7":{"start":{"line":12,"column":8},"end":{"line":18,"column":15}},"8":{"start":{"line":13,"column":16},"end":{"line":13,"column":41}},"9":{"start":{"line":14,"column":16},"end":{"line":14,"column":58}},"10":{"start":{"line":15,"column":16},"end":{"line":17,"column":18}},"11":{"start":{"line":16,"column":20},"end":{"line":16,"column":43}},"12":{"start":{"line":20,"column":4},"end":{"line":20,"column":49}},"13":{"start":{"line":21,"column":8},"end":{"line":25,"column":18}},"14":{"start":{"line":22,"column":20},"end":{"line":24,"column":32}},"15":{"start":{"line":26,"column":8},"end":{"line":37,"column":18}},"16":{"start":{"line":27,"column":20},"end":{"line":36,"column":22}},"17":{"start":{"line":30,"column":24},"end":{"line":33,"column":25}},"18":{"start":{"line":31,"column":28},"end":{"line":31,"column":52}},"19":{"start":{"line":34,"column":24},"end":{"line":34,"column":35}},"20":{"start":{"line":35,"column":24},"end":{"line":35,"column":47}}},"branchMap":{}},"C:\\Deepthi\\Deeps\\MS\\SDP\\uhcs\\nguyeners\\code\\server\\models\\Patient.js":{"path":"C:\\Deepthi\\Deeps\\MS\\SDP\\uhcs\\nguyeners\\code\\server\\models\\Patient.js","s":{"1":1,"2":1,"3":1,"4":1},"b":{},"f":{},"fnMap":{},"statementMap":{"1":{"start":{"line":1,"column":0},"end":{"line":1,"column":35}},"2":{"start":{"line":3,"column":0},"end":{"line":15,"column":2}},"3":{"start":{"line":17,"column":0},"end":{"line":17,"column":66}},"4":{"start":{"line":19,"column":0},"end":{"line":19,"column":25}}},"branchMap":{}},"C:\\Deepthi\\Deeps\\MS\\SDP\\uhcs\\nguyeners\\code\\server\\routes\\patients.js":{"path":"C:\\Deepthi\\Deeps\\MS\\SDP\\uhcs\\nguyeners\\code\\server\\routes\\patients.js","s":{"1":1,"2":5,"3":5,"4":5,"5":1,"6":1,"7":5,"8":0,"9":0,"10":0,"11":0,"12":5,"13":5,"14":1,"15":5,"16":1,"17":1,"18":1,"19":1,"20":1},"b":{},"f":{"1":5,"2":1,"3":1,"4":0,"5":0,"6":1,"7":1,"8":1},"fnMap":{"1":{"name":"(anonymous_1)","line":1,"loc":{"start":{"line":1,"column":17},"end":{"line":1,"column":30}}},"2":{"name":"(anonymous_2)","line":6,"loc":{"start":{"line":6,"column":19},"end":{"line":6,"column":38}}},"3":{"name":"(anonymous_3)","line":7,"loc":{"start":{"line":7,"column":25},"end":{"line":7,"column":47}}},"4":{"name":"(anonymous_4)","line":12,"loc":{"start":{"line":12,"column":20},"end":{"line":12,"column":37}}},"5":{"name":"(anonymous_5)","line":15,"loc":{"start":{"line":15,"column":26},"end":{"line":15,"column":45}}},"6":{"name":"(anonymous_6)","line":21,"loc":{"start":{"line":21,"column":22},"end":{"line":21,"column":39}}},"7":{"name":"(anonymous_7)","line":27,"loc":{"start":{"line":27,"column":21},"end":{"line":27,"column":39}}},"8":{"name":"(anonymous_8)","line":30,"loc":{"start":{"line":30,"column":15},"end":{"line":30,"column":34}}}},"statementMap":{"1":{"start":{"line":1,"column":0},"end":{"line":39,"column":1}},"2":{"start":{"line":3,"column":4},"end":{"line":3,"column":52}},"3":{"start":{"line":5,"column":4},"end":{"line":5,"column":43}},"4":{"start":{"line":6,"column":8},"end":{"line":11,"column":11}},"5":{"start":{"line":7,"column":12},"end":{"line":9,"column":14}},"6":{"start":{"line":8,"column":16},"end":{"line":8,"column":29}},"7":{"start":{"line":12,"column":8},"end":{"line":18,"column":11}},"8":{"start":{"line":13,"column":12},"end":{"line":13,"column":35}},"9":{"start":{"line":14,"column":12},"end":{"line":14,"column":48}},"10":{"start":{"line":15,"column":12},"end":{"line":17,"column":14}},"11":{"start":{"line":16,"column":16},"end":{"line":16,"column":39}},"12":{"start":{"line":20,"column":4},"end":{"line":20,"column":47}},"13":{"start":{"line":21,"column":8},"end":{"line":25,"column":10}},"14":{"start":{"line":22,"column":12},"end":{"line":24,"column":24}},"15":{"start":{"line":27,"column":8},"end":{"line":38,"column":10}},"16":{"start":{"line":28,"column":12},"end":{"line":37,"column":14}},"17":{"start":{"line":31,"column":16},"end":{"line":34,"column":17}},"18":{"start":{"line":32,"column":20},"end":{"line":32,"column":44}},"19":{"start":{"line":35,"column":16},"end":{"line":35,"column":27}},"20":{"start":{"line":36,"column":16},"end":{"line":36,"column":39}}},"branchMap":{}},"C:\\Deepthi\\Deeps\\MS\\SDP\\uhcs\\nguyeners\\code\\server\\models\\Surgeon.js":{"path":"C:\\Deepthi\\Deeps\\MS\\SDP\\uhcs\\nguyeners\\code\\server\\models\\Surgeon.js","s":{"1":1,"2":1,"3":1,"4":1},"b":{},"f":{},"fnMap":{},"statementMap":{"1":{"start":{"line":1,"column":0},"end":{"line":1,"column":35}},"2":{"start":{"line":3,"column":0},"end":{"line":10,"column":2}},"3":{"start":{"line":12,"column":0},"end":{"line":12,"column":66}},"4":{"start":{"line":14,"column":0},"end":{"line":14,"column":25}}},"branchMap":{}},"C:\\Deepthi\\Deeps\\MS\\SDP\\uhcs\\nguyeners\\code\\server\\routes\\surgeons.js":{"path":"C:\\Deepthi\\Deeps\\MS\\SDP\\uhcs\\nguyeners\\code\\server\\routes\\surgeons.js","s":{"1":1,"2":5,"3":5,"4":5,"5":1,"6":1,"7":5,"8":0,"9":0,"10":0,"11":0,"12":5,"13":5,"14":1,"15":5,"16":1,"17":1,"18":1,"19":1,"20":1},"b":{},"f":{"1":5,"2":1,"3":1,"4":0,"5":0,"6":1,"7":1,"8":1},"fnMap":{"1":{"name":"(anonymous_1)","line":1,"loc":{"start":{"line":1,"column":17},"end":{"line":1,"column":31}}},"2":{"name":"(anonymous_2)","line":6,"loc":{"start":{"line":6,"column":19},"end":{"line":6,"column":37}}},"3":{"name":"(anonymous_3)","line":7,"loc":{"start":{"line":7,"column":25},"end":{"line":7,"column":45}}},"4":{"name":"(anonymous_4)","line":12,"loc":{"start":{"line":12,"column":20},"end":{"line":12,"column":37}}},"5":{"name":"(anonymous_5)","line":15,"loc":{"start":{"line":15,"column":26},"end":{"line":15,"column":45}}},"6":{"name":"(anonymous_6)","line":21,"loc":{"start":{"line":21,"column":22},"end":{"line":21,"column":39}}},"7":{"name":"(anonymous_7)","line":27,"loc":{"start":{"line":27,"column":21},"end":{"line":27,"column":39}}},"8":{"name":"(anonymous_8)","line":30,"loc":{"start":{"line":30,"column":15},"end":{"line":30,"column":34}}}},"statementMap":{"1":{"start":{"line":1,"column":0},"end":{"line":39,"column":1}},"2":{"start":{"line":3,"column":4},"end":{"line":3,"column":52}},"3":{"start":{"line":5,"column":4},"end":{"line":5,"column":43}},"4":{"start":{"line":6,"column":8},"end":{"line":11,"column":10}},"5":{"start":{"line":7,"column":12},"end":{"line":9,"column":14}},"6":{"start":{"line":8,"column":16},"end":{"line":8,"column":29}},"7":{"start":{"line":12,"column":8},"end":{"line":18,"column":11}},"8":{"start":{"line":13,"column":12},"end":{"line":13,"column":35}},"9":{"start":{"line":14,"column":12},"end":{"line":14,"column":48}},"10":{"start":{"line":15,"column":12},"end":{"line":17,"column":14}},"11":{"start":{"line":16,"column":16},"end":{"line":16,"column":39}},"12":{"start":{"line":20,"column":4},"end":{"line":20,"column":47}},"13":{"start":{"line":21,"column":8},"end":{"line":25,"column":10}},"14":{"start":{"line":22,"column":12},"end":{"line":24,"column":24}},"15":{"start":{"line":27,"column":8},"end":{"line":38,"column":10}},"16":{"start":{"line":28,"column":12},"end":{"line":37,"column":14}},"17":{"start":{"line":31,"column":16},"end":{"line":34,"column":17}},"18":{"start":{"line":32,"column":20},"end":{"line":32,"column":44}},"19":{"start":{"line":35,"column":16},"end":{"line":35,"column":27}},"20":{"start":{"line":36,"column":16},"end":{"line":36,"column":39}}},"branchMap":{}},"C:\\Deepthi\\Deeps\\MS\\SDP\\uhcs\\nguyeners\\code\\server\\models\\User.js":{"path":"C:\\Deepthi\\Deeps\\MS\\SDP\\uhcs\\nguyeners\\code\\server\\models\\User.js","s":{"1":1,"2":1,"3":1,"4":1},"b":{},"f":{},"fnMap":{},"statementMap":{"1":{"start":{"line":1,"column":0},"end":{"line":1,"column":35}},"2":{"start":{"line":3,"column":0},"end":{"line":7,"column":2}},"3":{"start":{"line":9,"column":0},"end":{"line":9,"column":55}},"4":{"start":{"line":11,"column":0},"end":{"line":11,"column":22}}},"branchMap":{}},"C:\\Deepthi\\Deeps\\MS\\SDP\\uhcs\\nguyeners\\code\\server\\routes\\users.js":{"path":"C:\\Deepthi\\Deeps\\MS\\SDP\\uhcs\\nguyeners\\code\\server\\routes\\users.js","s":{"1":1,"2":5,"3":5,"4":5,"5":1,"6":1,"7":5,"8":0,"9":0,"10":0,"11":0,"12":0,"13":5,"14":5,"15":1,"16":5,"17":1,"18":1,"19":1,"20":1,"21":1},"b":{},"f":{"1":5,"2":1,"3":1,"4":0,"5":0,"6":1,"7":1,"8":1},"fnMap":{"1":{"name":"(anonymous_1)","line":1,"loc":{"start":{"line":1,"column":17},"end":{"line":1,"column":31}}},"2":{"name":"(anonymous_2)","line":6,"loc":{"start":{"line":6,"column":19},"end":{"line":6,"column":37}}},"3":{"name":"(anonymous_3)","line":7,"loc":{"start":{"line":7,"column":22},"end":{"line":7,"column":42}}},"4":{"name":"(anonymous_4)","line":12,"loc":{"start":{"line":12,"column":20},"end":{"line":12,"column":37}}},"5":{"name":"(anonymous_5)","line":16,"loc":{"start":{"line":16,"column":23},"end":{"line":16,"column":42}}},"6":{"name":"(anonymous_6)","line":30,"loc":{"start":{"line":30,"column":22},"end":{"line":30,"column":39}}},"7":{"name":"(anonymous_7)","line":36,"loc":{"start":{"line":36,"column":21},"end":{"line":36,"column":39}}},"8":{"name":"(anonymous_8)","line":39,"loc":{"start":{"line":39,"column":15},"end":{"line":39,"column":34}}}},"statementMap":{"1":{"start":{"line":1,"column":0},"end":{"line":48,"column":1}},"2":{"start":{"line":3,"column":4},"end":{"line":3,"column":46}},"3":{"start":{"line":5,"column":4},"end":{"line":5,"column":40}},"4":{"start":{"line":6,"column":8},"end":{"line":11,"column":10}},"5":{"start":{"line":7,"column":12},"end":{"line":9,"column":14}},"6":{"start":{"line":8,"column":16},"end":{"line":8,"column":29}},"7":{"start":{"line":12,"column":8},"end":{"line":19,"column":11}},"8":{"start":{"line":13,"column":12},"end":{"line":13,"column":32}},"9":{"start":{"line":14,"column":12},"end":{"line":14,"column":47}},"10":{"start":{"line":15,"column":12},"end":{"line":15,"column":39}},"11":{"start":{"line":16,"column":12},"end":{"line":18,"column":14}},"12":{"start":{"line":17,"column":16},"end":{"line":17,"column":39}},"13":{"start":{"line":29,"column":4},"end":{"line":29,"column":44}},"14":{"start":{"line":30,"column":8},"end":{"line":34,"column":10}},"15":{"start":{"line":31,"column":12},"end":{"line":33,"column":24}},"16":{"start":{"line":36,"column":8},"end":{"line":47,"column":10}},"17":{"start":{"line":37,"column":12},"end":{"line":46,"column":14}},"18":{"start":{"line":40,"column":16},"end":{"line":43,"column":17}},"19":{"start":{"line":41,"column":20},"end":{"line":41,"column":44}},"20":{"start":{"line":44,"column":16},"end":{"line":44,"column":27}},"21":{"start":{"line":45,"column":16},"end":{"line":45,"column":39}}},"branchMap":{}}}