TN:
SF:C:\Deepthi\Deeps\MS\SDP\uhcs\nguyeners\code\server\models\OperationRoom.js
FNF:0
FNH:0
DA:1,1
DA:3,1
DA:14,1
DA:16,1
LF:4
LH:4
BRF:0
BRH:0
end_of_record
TN:
SF:C:\Deepthi\Deeps\MS\SDP\uhcs\nguyeners\code\server\routes\operationrooms.js
FN:1,(anonymous_1)
FN:6,(anonymous_2)
FN:7,(anonymous_3)
FN:12,(anonymous_4)
FN:15,(anonymous_5)
FN:21,(anonymous_6)
FN:27,(anonymous_7)
FN:30,(anonymous_8)
FNF:8
FNH:6
FNDA:6,(anonymous_1)
FNDA:1,(anonymous_2)
FNDA:1,(anonymous_3)
FNDA:0,(anonymous_4)
FNDA:0,(anonymous_5)
FNDA:1,(anonymous_6)
FNDA:1,(anonymous_7)
FNDA:1,(anonymous_8)
DA:1,1
DA:3,6
DA:5,6
DA:6,6
DA:7,1
DA:8,1
DA:12,6
DA:13,0
DA:14,0
DA:15,0
DA:16,0
DA:20,6
DA:21,6
DA:22,1
DA:27,6
DA:28,1
DA:31,1
DA:32,1
DA:34,1
DA:35,1
LF:20
LH:16
BRF:0
BRH:0
end_of_record
TN:
SF:C:\Deepthi\Deeps\MS\SDP\uhcs\nguyeners\code\server\models\Operation.js
FNF:0
FNH:0
DA:1,1
DA:3,1
DA:18,1
DA:20,1
LF:4
LH:4
BRF:0
BRH:0
end_of_record
TN:
SF:C:\Deepthi\Deeps\MS\SDP\uhcs\nguyeners\code\server\routes\operations.js
FN:1,(anonymous_1)
FN:6,(anonymous_2)
FN:7,(anonymous_3)
FN:12,(anonymous_4)
FN:15,(anonymous_5)
FN:21,(anonymous_6)
FN:26,(anonymous_7)
FN:29,(anonymous_8)
FNF:8
FNH:6
FNDA:5,(anonymous_1)
FNDA:1,(anonymous_2)
FNDA:1,(anonymous_3)
FNDA:0,(anonymous_4)
FNDA:0,(anonymous_5)
FNDA:1,(anonymous_6)
FNDA:1,(anonymous_7)
FNDA:1,(anonymous_8)
DA:1,1
DA:3,5
DA:5,5
DA:6,5
DA:7,1
DA:8,1
DA:12,5
DA:13,0
DA:14,0
DA:15,0
DA:16,0
DA:20,5
DA:21,5
DA:22,1
DA:26,5
DA:27,1
DA:30,1
DA:31,1
DA:34,1
DA:35,1
LF:20
LH:16
BRF:0
BRH:0
end_of_record
TN:
SF:C:\Deepthi\Deeps\MS\SDP\uhcs\nguyeners\code\server\models\Patient.js
FNF:0
FNH:0
DA:1,1
DA:3,1
DA:17,1
DA:19,1
LF:4
LH:4
BRF:0
BRH:0
end_of_record
TN:
SF:C:\Deepthi\Deeps\MS\SDP\uhcs\nguyeners\code\server\routes\patients.js
FN:1,(anonymous_1)
FN:6,(anonymous_2)
FN:7,(anonymous_3)
FN:12,(anonymous_4)
FN:15,(anonymous_5)
FN:21,(anonymous_6)
FN:27,(anonymous_7)
FN:30,(anonymous_8)
FNF:8
FNH:6
FNDA:5,(anonymous_1)
FNDA:1,(anonymous_2)
FNDA:1,(anonymous_3)
FNDA:0,(anonymous_4)
FNDA:0,(anonymous_5)
FNDA:1,(anonymous_6)
FNDA:1,(anonymous_7)
FNDA:1,(anonymous_8)
DA:1,1
DA:3,5
DA:5,5
DA:6,5
DA:7,1
DA:8,1
DA:12,5
DA:13,0
DA:14,0
DA:15,0
DA:16,0
DA:20,5
DA:21,5
DA:22,1
DA:27,5
DA:28,1
DA:31,1
DA:32,1
DA:35,1
DA:36,1
LF:20
LH:16
BRF:0
BRH:0
end_of_record
TN:
SF:C:\Deepthi\Deeps\MS\SDP\uhcs\nguyeners\code\server\models\Surgeon.js
FNF:0
FNH:0
DA:1,1
DA:3,1
DA:12,1
DA:14,1
LF:4
LH:4
BRF:0
BRH:0
end_of_record
TN:
SF:C:\Deepthi\Deeps\MS\SDP\uhcs\nguyeners\code\server\routes\surgeons.js
FN:1,(anonymous_1)
FN:6,(anonymous_2)
FN:7,(anonymous_3)
FN:12,(anonymous_4)
FN:15,(anonymous_5)
FN:21,(anonymous_6)
FN:27,(anonymous_7)
FN:30,(anonymous_8)
FNF:8
FNH:6
FNDA:5,(anonymous_1)
FNDA:1,(anonymous_2)
FNDA:1,(anonymous_3)
FNDA:0,(anonymous_4)
FNDA:0,(anonymous_5)
FNDA:1,(anonymous_6)
FNDA:1,(anonymous_7)
FNDA:1,(anonymous_8)
DA:1,1
DA:3,5
DA:5,5
DA:6,5
DA:7,1
DA:8,1
DA:12,5
DA:13,0
DA:14,0
DA:15,0
DA:16,0
DA:20,5
DA:21,5
DA:22,1
DA:27,5
DA:28,1
DA:31,1
DA:32,1
DA:35,1
DA:36,1
LF:20
LH:16
BRF:0
BRH:0
end_of_record
TN:
SF:C:\Deepthi\Deeps\MS\SDP\uhcs\nguyeners\code\server\models\User.js
FNF:0
FNH:0
DA:1,1
DA:3,1
DA:9,1
DA:11,1
LF:4
LH:4
BRF:0
BRH:0
end_of_record
TN:
SF:C:\Deepthi\Deeps\MS\SDP\uhcs\nguyeners\code\server\routes\users.js
FN:1,(anonymous_1)
FN:6,(anonymous_2)
FN:7,(anonymous_3)
FN:12,(anonymous_4)
FN:16,(anonymous_5)
FN:30,(anonymous_6)
FN:36,(anonymous_7)
FN:39,(anonymous_8)
FNF:8
FNH:6
FNDA:5,(anonymous_1)
FNDA:1,(anonymous_2)
FNDA:1,(anonymous_3)
FNDA:0,(anonymous_4)
FNDA:0,(anonymous_5)
FNDA:1,(anonymous_6)
FNDA:1,(anonymous_7)
FNDA:1,(anonymous_8)
DA:1,1
DA:3,5
DA:5,5
DA:6,5
DA:7,1
DA:8,1
DA:12,5
DA:13,0
DA:14,0
DA:15,0
DA:16,0
DA:17,0
DA:29,5
DA:30,5
DA:31,1
DA:36,5
DA:37,1
DA:40,1
DA:41,1
DA:44,1
DA:45,1
LF:21
LH:16
BRF:0
BRH:0
end_of_record
